<?xml version="1.0" encoding="UTF-8"?>
<!-- Generated by org.testng.reporters.JUnitXMLReporter -->
<testsuite ignored="0" hostname="LaShawn" failures="0" tests="5" name="Default test" time="16.819" errors="0" timestamp="2025-08-26T13:33:40 EDT">
  <testcase classname="testCases.TC02_Login" name="testLogin" time="3.989"/>
  <testcase classname="testCases.TC02_Login" name="testLogin" time="1.105"/>
  <testcase classname="testCases.TC02_Login" name="testLogin" time="1.163"/>
  <testcase classname="testCases.TC02_Login" name="testLogin" time="1.161"/>
  <testcase classname="testCases.TC02_Login" name="testLogin" time="1.147"/>
</testsuite> <!-- Default test -->
