<?xml version="1.0" encoding="UTF-8"?>
<!-- Generated by org.testng.reporters.JUnitXMLReporter -->
<testsuite ignored="0" hostname="LaShawn" failures="0" tests="10" name="Test" time="48.251" errors="0" timestamp="2025-08-26T14:12:06 EDT">
  <testcase classname="testCases.TC01_LaunchApplication" name="testLaunchApplication" time="0.058"/>
  <testcase classname="testCases.TC03_AddToCart" name="testAddToCart" time="4.683"/>
  <testcase classname="testCases.TC05_AddToWishList" name="testAddToWishList" time="4.003"/>
  <testcase classname="testCases.TC06_AddAffiliate" name="testAddAffiliate" time="4.055"/>
  <testcase classname="testCases.TC02_Login" name="testLogin" time="1.676"/>
  <testcase classname="testCases.TC02_Login" name="testLogin" time="1.466"/>
  <testcase classname="testCases.TC02_Login" name="testLogin" time="1.25"/>
  <testcase classname="testCases.TC02_Login" name="testLogin" time="1.425"/>
  <testcase classname="testCases.TC02_Login" name="testLogin" time="1.175"/>
  <testcase classname="testCases.TC04_CompletePurchase" name="testCompletePurchase" time="6.708"/>
</testsuite> <!-- Test -->
