<?xml version="1.0" encoding="UTF-8"?>
<!-- Generated by org.testng.reporters.JUnitXMLReporter -->
<testsuite ignored="0" hostname="LaShawn" failures="0" tests="10" name="chromeTest" time="85.562" errors="0" timestamp="2025-08-28T23:53:03 EDT">
  <testcase classname="testCases.TC01_LaunchApplication" name="testLaunchApplication" time="0.122"/>
  <testcase classname="testCases.TC03_AddToCart" name="testAddToCart" time="8.62"/>
  <testcase classname="testCases.TC05_AddToWishList" name="testAddToWishList" time="10.417"/>
  <testcase classname="testCases.TC06_AddAffiliate" name="testAddAffiliate" time="6.78"/>
  <testcase classname="testCases.TC02_Login" name="testLogin" time="2.945"/>
  <testcase classname="testCases.TC02_Login" name="testLogin" time="2.159"/>
  <testcase classname="testCases.TC02_Login" name="testLogin" time="2.943"/>
  <testcase classname="testCases.TC02_Login" name="testLogin" time="2.404"/>
  <testcase classname="testCases.TC02_Login" name="testLogin" time="2.376"/>
  <testcase classname="testCases.TC04_CompletePurchase" name="testCompletePurchase" time="10.653"/>
</testsuite> <!-- chromeTest -->
