<?xml version="1.0" encoding="UTF-8"?>
<!-- Generated by org.testng.reporters.JUnitXMLReporter -->
<testsuite ignored="0" hostname="LaShawn" failures="0" tests="10" name="edgeTest" time="83.014" errors="0" timestamp="2025-08-28T23:53:02 EDT">
  <testcase classname="testCases.TC01_LaunchApplication" name="testLaunchApplication" time="1.363"/>
  <testcase classname="testCases.TC03_AddToCart" name="testAddToCart" time="6.871"/>
  <testcase classname="testCases.TC05_AddToWishList" name="testAddToWishList" time="7.219"/>
  <testcase classname="testCases.TC06_AddAffiliate" name="testAddAffiliate" time="5.84"/>
  <testcase classname="testCases.TC02_Login" name="testLogin" time="2.945"/>
  <testcase classname="testCases.TC02_Login" name="testLogin" time="2.817"/>
  <testcase classname="testCases.TC02_Login" name="testLogin" time="1.967"/>
  <testcase classname="testCases.TC02_Login" name="testLogin" time="3.204"/>
  <testcase classname="testCases.TC02_Login" name="testLogin" time="2.142"/>
  <testcase classname="testCases.TC04_CompletePurchase" name="testCompletePurchase" time="9.696"/>
</testsuite> <!-- edgeTest -->
